<?xml version="1.0" encoding="UTF-8"?>
<!-- Generated by org.testng.reporters.JUnitReportReporter -->
<testsuite hostname="DESKTOP-OELSBJR" failures="0" tests="1" name="Frameworkdemo.SeleniumFramework.ValidateYahoo" time="8.779" errors="0" timestamp="2020-12-21T13:49:10 EST" skipped="0">
  <testcase classname="Frameworkdemo.SeleniumFramework.ValidateYahoo" name="basepagenavigate" time="8.779"/>
  <system-out/>
</testsuite> <!-- Frameworkdemo.SeleniumFramework.ValidateYahoo -->
