<?xml version="1.0" encoding="UTF-8"?>
<!-- Generated by org.testng.reporters.JUnitReportReporter -->
<testsuite hostname="DESKTOP-OELSBJR" failures="0" tests="2" name="Frameworkdemo.SeleniumFramework.HomePage" time="23.442" errors="0" timestamp="2020-12-21T13:49:10 EST" skipped="0">
  <testcase classname="Frameworkdemo.SeleniumFramework.HomePage" name="basepagenavigate" time="12.137"/>
  <system-out/>
  <testcase classname="Frameworkdemo.SeleniumFramework.HomePage" name="basepagenavigate" time="11.305"/>
  <system-out/>
</testsuite> <!-- Frameworkdemo.SeleniumFramework.HomePage -->
